proguard-project.txt
# To enable ProGuard in your project, edit project.properties
# to define the proguard.config property as described in that file.
#
# Add project specific ProGuard rules here.
# By default, the flags in this file are appended to flags specified
# in ${sdk.dir}/tools/proguard/proguard-android.txt
# You can edit the include path and order by changing the ProGuard
# include property in project.properties.
#
# For more details, see
#   http://developer.android.com/guide/developing/tools/proguard.html

# Add any project specific keep options here:

# If your project uses WebView with JS, uncomment the following
# and specify the fully qualified class name to the JavaScript interface
# class:
#-keepclassmembers class fqcn.of.javascript.interface.for.webview {
#   public *;
#}


##---------------Begin: common  ----------
-dontusemixedcaseclassnames
-dontskipnonpubliclibraryclasses
-dontskipnonpubliclibraryclassmembers
-dontoptimize
-dontpreverify
-verbose

-renamesourcefileattribute SourceFile
-keepattributes Exceptions,InnerClasses,Signature,Deprecated,
                SourceFile,LineNumberTable,*Annotation*,EnclosingMethod
                
-keep public class * extends android.app.Activity
-keep public class * extends android.app.Application
-keep public class * extends android.app.Service
-keep public class * extends android.content.BroadcastReceiver
-keep public class * extends android.content.ContentProvider         
-keep public class * extends android.app.backup.BackupAgentHelper
-keep public class * extends android.preference.Preference
-keep public class com.google.vending.licensing.ILicensingService
-keep public class com.android.vending.licensing.ILicensingService

-keep public class * extends android.view.View {
    public <init>(android.content.Context);
    public <init>(android.content.Context, android.util.AttributeSet);
    public <init>(android.content.Context, android.util.AttributeSet, int);
    public <init>(android.content.Context, android.util.AttributeSet, int, int);
    public void set*(...);
    void on*(...);
}

-keep class * implements android.os.Parcelable {
  public static final android.os.Parcelable$Creator *;
}

-keepclassmembers class * implements java.io.Serializable {
    static final long serialVersionUID;
    private static final java.io.ObjectStreamField[] serialPersistentFields;
    private void writeObject(java.io.ObjectOutputStream);
    private void readObject(java.io.ObjectInputStream);
    java.lang.Object writeReplace();
    java.lang.Object readResolve();
}

##-keep class com.nineoldandroids.** { *; }

-keepclasseswithmembers class * {
    native <methods>;
}

-keepclasseswithmembers class * {
    public <init>(android.content.Context, android.util.AttributeSet);
}

-keepclasseswithmembers class * {
    public <init>(android.content.Context, android.util.AttributeSet, int);
}

-keepclassmembers enum * {
    public static **[] values();
    public static ** valueOf(java.lang.String);
}
-keepclassmembers class **.R$* {
    public static <fields>;
}                
##---------------end: common  ----------

##---------------Begin: project  ----------
-keep class com.curry.vendingmachine.bean.** { *; }
-keep class com.curry.vendingmachine.serializable.** { *; }
##---------------End: project  ----------

##---------------Begin: android.support.v4  ----------
-libraryjars libs/android-support-v4.jar
-dontwarn android.support.v4.**
-keep class android.support.v4.** { *; }
-keep public class * extends android.support.v4.**

-keep public class * extends android.app.Fragment
##---------------End: android.support.v4  ----------

##---------------Begin: volley_ifchange_v2  ----------
-libraryjars libs/android-support-v4.jar
-dontwarn com.android.volley.**
##---------------End: volley_ifchange_v2  ----------

##---------------Begin: core-3.2.1.jar  ----------
-libraryjars libs/core-3.2.1.jar
-dontwarn com.google.zxing.**
##---------------End: volley_ifchange_v2  ----------

##---------------Begin: Umeng  update----------
-keepclassmembers class * {
   public <init>(org.json.JSONObject);
}
-keep public class com.curry.vendingmachine.R$*{
    public static final int *;
}
-keep public class com.umeng.fb.ui.ThreadView {
}


-libraryjars libs/umeng-update-v2.7.0.jar
 
-keep public class * extends com.umeng.**

-keep class com.umeng.** { *; }

-keep class com.squareup.** { *; }

-keep public class * extends com.squareup.**

-keep class okio { *; }

-keep public class * extends okio
##---------------Begin: Umeng  end----------