proguard/seeds.txt
android.support.v4.widget.DrawerLayout$DrawerLayoutCompatImplApi21
android.support.v4.widget.DrawerLayout$DrawerLayoutCompatImplApi21: DrawerLayout$DrawerLayoutCompatImplApi21()
android.support.v4.widget.DrawerLayout$DrawerLayoutCompatImplApi21: void configureApplyInsets(android.view.View)
android.support.v4.widget.DrawerLayout$DrawerLayoutCompatImplApi21: void dispatchChildInsets(android.view.View,java.lang.Object,int)
android.support.v4.widget.DrawerLayout$DrawerLayoutCompatImplApi21: void applyMarginInsets(android.view.ViewGroup$MarginLayoutParams,java.lang.Object,int)
android.support.v4.widget.DrawerLayout$DrawerLayoutCompatImplApi21: int getTopInset(java.lang.Object)
android.support.v4.widget.DrawerLayout$DrawerLayoutCompatImplApi21: android.graphics.drawable.Drawable getDefaultStatusBarBackground(android.content.Context)
android.support.v4.widget.DrawerLayout$DrawerLayoutCompatImplBase
android.support.v4.widget.DrawerLayout$DrawerLayoutCompatImplBase: DrawerLayout$DrawerLayoutCompatImplBase()
android.support.v4.widget.DrawerLayout$DrawerLayoutCompatImplBase: void configureApplyInsets(android.view.View)
android.support.v4.widget.DrawerLayout$DrawerLayoutCompatImplBase: void dispatchChildInsets(android.view.View,java.lang.Object,int)
android.support.v4.widget.DrawerLayout$DrawerLayoutCompatImplBase: void applyMarginInsets(android.view.ViewGroup$MarginLayoutParams,java.lang.Object,int)
android.support.v4.widget.DrawerLayout$DrawerLayoutCompatImplBase: int getTopInset(java.lang.Object)
android.support.v4.widget.DrawerLayout$DrawerLayoutCompatImplBase: android.graphics.drawable.Drawable getDefaultStatusBarBackground(android.content.Context)
android.support.v4.widget.DrawerLayout$DrawerListener
android.support.v4.widget.DrawerLayout$DrawerListener: void onDrawerSlide(android.view.View,float)
android.support.v4.widget.DrawerLayout$DrawerListener: void onDrawerOpened(android.view.View)
android.support.v4.widget.DrawerLayout$DrawerListener: void onDrawerClosed(android.view.View)
android.support.v4.widget.DrawerLayout$DrawerListener: void onDrawerStateChanged(int)
android.support.v4.widget.DrawerLayout$EdgeGravity
android.support.v4.widget.DrawerLayout$LayoutParams
android.support.v4.widget.DrawerLayout$LayoutParams: int gravity
android.support.v4.widget.DrawerLayout$LayoutParams: float onScreen
android.support.v4.widget.DrawerLayout$LayoutParams: boolean isPeeking
android.support.v4.widget.DrawerLayout$LayoutParams: boolean knownOpen
android.support.v4.widget.DrawerLayout$LayoutParams: DrawerLayout$LayoutParams(android.content.Context,android.util.AttributeSet)
android.support.v4.widget.DrawerLayout$LayoutParams: DrawerLayout$LayoutParams(int,int)
android.support.v4.widget.DrawerLayout$LayoutParams: DrawerLayout$LayoutParams(int,int,int)
android.support.v4.widget.DrawerLayout$LayoutParams: DrawerLayout$LayoutParams(android.support.v4.widget.DrawerLayout$LayoutParams)
android.support.v4.widget.DrawerLayout$LayoutParams: DrawerLayout$LayoutParams(android.view.ViewGroup$LayoutParams)
android.support.v4.widget.DrawerLayout$LayoutParams: DrawerLayout$LayoutParams(android.view.ViewGroup$MarginLayoutParams)
android.support.v4.widget.DrawerLayout$LockMode
android.support.v4.widget.DrawerLayout$SavedState
android.support.v4.widget.DrawerLayout$SavedState: int openDrawerGravity
android.support.v4.widget.DrawerLayout$SavedState: int lockModeLeft
android.support.v4.widget.DrawerLayout$SavedState: int lockModeRight
android.support.v4.widget.DrawerLayout$SavedState: android.os.Parcelable$Creator CREATOR
android.support.v4.widget.DrawerLayout$SavedState: DrawerLayout$SavedState(android.os.Parcel)
android.support.v4.widget.DrawerLayout$SavedState: DrawerLayout$SavedState(android.os.Parcelable)
android.support.v4.widget.DrawerLayout$SavedState: void writeToParcel(android.os.Parcel,int)
android.support.v4.widget.DrawerLayout$SavedState: void <clinit>()