proguard/mapping.txt
com.curry.vendingmachine.modules.PayActivity$6 -> com.curry.vendingmachine.modules.PayActivity$15:
    com.curry.vendingmachine.modules.PayActivity this$0 -> a
    182:183:void run() -> run
com.curry.vendingmachine.modules.PayActivity$7 -> com.curry.vendingmachine.modules.PayActivity$16:
    com.curry.vendingmachine.modules.PayActivity this$0 -> a
    238:240:void onClick(android.view.View) -> onClick
com.curry.vendingmachine.modules.PayActivity$8 -> com.curry.vendingmachine.modules.PayActivity$17:
    com.curry.vendingmachine.modules.PayActivity this$0 -> a
    java.lang.String val$codeUrl -> c
    int val$type -> d
    363:391:android.graphics.Bitmap doWork() -> a
    397:412:void thenDoUiRelatedWork(android.graphics.Bitmap) -> a
    1:1:java.lang.Object doWork() -> b
    1:1:void thenDoUiRelatedWork(java.lang.Object) -> a
    359:359:com.curry.vendingmachine.modules.PayActivity access$2(com.curry.vendingmachine.modules.PayActivity$8) -> a
com.curry.vendingmachine.modules.PayActivity$8$1 -> com.curry.vendingmachine.modules.PayActivity$17$1:
    com.curry.vendingmachine.modules.PayActivity$8 this$1 -> a
    368:371:void run() -> run
com.curry.vendingmachine.modules.PaySettingActivity -> com.curry.vendingmachine.modules.PaySettingActivity:
    android.widget.TextView tvAddMoney -> b
    android.widget.TextView tvAddMoneyNum -> c
    android.widget.TextView tvEjectMoney -> d
    android.widget.TextView tvCleanRecord -> e
    android.widget.TextView tvQRSwitch -> f
    android.widget.TextView tvQRDiscount -> g
    com.curry.vendingmachine.modules.PaySettingActivity$ClickType currentType -> h
    com.curry.vendingmachine.manager.focus.PaySettingFocusManager fm -> i
    com.curry.vendingmachine.helper.KeyBoardAndSettingHelper keyboardHelper -> j
    com.curry.vendingmachine.database.manager.SaleRecordTableManager dbManager -> k
    int mAmount -> l
    boolean isPaperValidatorNormal -> m
    android.content.BroadcastReceiver receiver -> a
    int[] $SWITCH_TABLE$com$curry$vendingmachine$modules$PaySettingActivity$Direction -> r
    105:114:void registerReceiver() -> y
    117:118:void unregisterReceiver() -> z
    123:128:void onResume() -> onResume
    132:136:void onPause() -> onPause
    141:141:boolean setFakeKeyBoardVisible() -> h_
    147:152:void onCreate(android.os.Bundle) -> onCreate
    155:173:void initView() -> A
    176:185:void setQREnable(boolean) -> a
    188:207:void dealWithOnKeyPress(java.lang.String) -> c
    211:218:void onKeyPress(java.lang.String) -> b_
    224:224:void onSettingsPress() -> a
    230:230:void onReturnChangePress() -> b
    235:236:void onKey2UpPress() -> d
com.curry.vendingmachine.modules.PaySettingActivity$1 -> com.curry.vendingmachine.modules.PaySettingActivity$1:
    com.curry.vendingmachine.modules.PaySettingActivity this$0 -> a
    63:101:void onReceive(android.content.Context,android.content.Intent) -> onReceive
com.curry.vendingmachine.modules.PaySettingActivity$2 -> com.curry.vendingmachine.modules.PaySettingActivity$2:
    com.curry.vendingmachine.modules.PaySettingActivity this$0 -> a
    452:453:java.lang.Object doWork() -> b
    460:461:void thenDoUiRelatedWork(java.lang.Object) -> a
com.curry.vendingmachine.modules.PaySettingActivity$ClickType -> com.curry.vendingmachine.modules.PaySettingActivity$a:
    com.curry.vendingmachine.modules.PaySettingActivity$ClickType ADD -> a
    com.curry.vendingmachine.modules.PaySettingActivity$ClickType EJECT -> b
    com.curry.vendingmachine.modules.PaySettingActivity$ClickType[] ENUM$VALUES -> c
    1:1:com.curry.vendingmachine.modules.PaySettingActivity$ClickType[] values() -> values
    1:1:com.curry.vendingmachine.modules.PaySettingActivity$ClickType valueOf(java.lang.String) -> valueOf