proguard/usage.txt
com.android.volley.Cache:
    public abstract com.android.volley.Cache$Entry get(java.lang.String)
    public abstract void put(java.lang.String,com.android.volley.Cache$Entry)
    public abstract void initialize()
    public abstract void invalidate(java.lang.String,boolean)
    public abstract void remove(java.lang.String)
    public abstract void clear()
com.android.volley.Cache$Entry:
    public byte[] data
    public java.lang.String etag
    public long serverDate
    public long lastModified
    public long ttl
    public long softTtl
    public java.util.Map responseHeaders
    67:67:public Cache$Entry()
    91:91:public boolean isExpired()
    96:96:public boolean refreshNeeded()
com.android.volley.CacheDispatcher
com.android.volley.CacheDispatcher$1
com.android.volley.DefaultRetryPolicy:
    private int mCurrentRetryCount
    public static final int DEFAULT_TIMEOUT_MS
    public static final int DEFAULT_MAX_RETRIES
    public static final float DEFAULT_BACKOFF_MULT
    68:68:public int getCurrentTimeout()
    76:76:public int getCurrentRetryCount()
    83:83:public float getBackoffMultiplier()
    92:97:public void retry(com.android.volley.VolleyError)
    103:103:protected boolean hasAttemptRemaining()
com.android.volley.ExecutorDelivery
com.android.volley.ExecutorDelivery$1
com.android.volley.ExecutorDelivery$ResponseDeliveryRunnable
com.android.volley.Network
com.android.volley.NetworkDispatcher
com.android.volley.NetworkError
com.android.volley.NetworkResponse
com.android.volley.NoConnectionError
com.android.volley.ParseError
com.android.volley.Request:
    private static final java.lang.String DEFAULT_PARAMS_ENCODING
    private static final long SLOW_REQUEST_THRESHOLD_MS
    private java.lang.Object mTag
    122:123:public Request(java.lang.String,com.android.volley.Response$ErrorListener)
    144:144:public int getMethod()
    154:155:public com.android.volley.Request setTag(java.lang.Object)
    163:163:public java.lang.Object getTag()
    170:170:public com.android.volley.Response$ErrorListener getErrorListener()
    223:250:void finish(java.lang.String)
    277:280:public final int getSequence()
    304:305:public com.android.volley.Request setCacheEntry(com.android.volley.Cache$Entry)
    312:312:public com.android.volley.Cache$Entry getCacheEntry()
    326:326:public boolean isCanceled()
    336:336:public java.util.Map getHeaders()
    352:352:protected java.util.Map getPostParams()
    371:371:protected java.lang.String getPostParamsEncoding()
    379:379:public java.lang.String getPostBodyContentType()
    395:399:public byte[] getPostBody()
    411:411:protected java.util.Map getParams()
    427:427:protected java.lang.String getParamsEncoding()
    434:434:public java.lang.String getBodyContentType()
    447:451:public byte[] getBody()
    458:468:private byte[] encodeParameters(java.util.Map,java.lang.String)
    478:479:public final com.android.volley.Request setShouldCache(boolean)
    513:513:public final int getTimeoutMs()
com.android.volley.Request$1
com.android.volley.Request$Method